[0.009s] Invoking command in '/home/parallels/ros2_ws/src/build/my_launch': CMAKE_PREFIX_PATH=${CMAKE_PREFIX_PATH}:/home/parallels/ros2_ws/install/my_robot_controller:/opt/ros/humble /usr/bin/cmake /home/parallels/ros2_ws/src/my_launch -DCMAKE_INSTALL_PREFIX=/home/parallels/ros2_ws/src/install/my_launch
[0.076s] -- The C compiler identification is GNU 11.4.0
[0.125s] -- The CXX compiler identification is GNU 11.4.0
[0.135s] -- Detecting C compiler ABI info
[0.175s] -- Detecting C compiler ABI info - done
[0.180s] -- Check for working C compiler: /usr/bin/cc - skipped
[0.180s] -- Detecting C compile features
[0.181s] -- Detecting C compile features - done
[0.184s] -- Detecting CXX compiler ABI info
[0.227s] -- Detecting CXX compiler ABI info - done
[0.232s] -- Check for working CXX compiler: /usr/bin/c++ - skipped
[0.233s] -- Detecting CXX compile features
[0.233s] -- Detecting CXX compile features - done
[0.237s] -- Found ament_cmake: 1.3.8 (/opt/ros/humble/share/ament_cmake/cmake)
[0.317s] -- Found Python3: /usr/bin/python3 (found version "3.10.12") found components: Interpreter 
[0.384s] -- Found rclcpp: 16.0.8 (/opt/ros/humble/share/rclcpp/cmake)
[0.428s] -- Found rosidl_generator_c: 3.1.5 (/opt/ros/humble/share/rosidl_generator_c/cmake)
[0.435s] -- Found rosidl_adapter: 3.1.5 (/opt/ros/humble/share/rosidl_adapter/cmake)
[0.445s] -- Found rosidl_generator_cpp: 3.1.5 (/opt/ros/humble/share/rosidl_generator_cpp/cmake)
[0.459s] -- Using all available rosidl_typesupport_c: rosidl_typesupport_fastrtps_c;rosidl_typesupport_introspection_c
[0.479s] -- Using all available rosidl_typesupport_cpp: rosidl_typesupport_fastrtps_cpp;rosidl_typesupport_introspection_cpp
[0.542s] -- Found rmw_implementation_cmake: 6.1.1 (/opt/ros/humble/share/rmw_implementation_cmake/cmake)
[0.545s] -- Found rmw_fastrtps_cpp: 6.2.6 (/opt/ros/humble/share/rmw_fastrtps_cpp/cmake)
[0.610s] -- Found OpenSSL: /usr/lib/aarch64-linux-gnu/libcrypto.so (found version "3.0.2")  
[0.631s] -- Found FastRTPS: /opt/ros/humble/include  
[0.665s] -- Using RMW implementation 'rmw_fastrtps_cpp' as default
[0.676s] -- Looking for pthread.h
[0.716s] -- Looking for pthread.h - found
[0.716s] -- Performing Test CMAKE_HAVE_LIBC_PTHREAD
[0.754s] -- Performing Test CMAKE_HAVE_LIBC_PTHREAD - Success
[0.754s] -- Found Threads: TRUE  
[0.882s] -- Found rviz2: 11.2.11 (/opt/ros/humble/share/rviz2/cmake)
[0.884s] -- Found nav2_map_server: 1.1.13 (/opt/ros/humble/share/nav2_map_server/cmake)
[1.442s] -- Found eigen3_cmake_module: 0.1.1 (/opt/ros/humble/share/eigen3_cmake_module/cmake)
[1.443s] -- Found Eigen3: TRUE (found version "3.4.0") 
[1.443s] -- Ensuring Eigen3 include directory is part of orocos-kdl CMake target
[2.562s] -- Found nav2_amcl: 1.1.13 (/opt/ros/humble/share/nav2_amcl/cmake)
[3.054s] -- Found ament_lint_auto: 0.12.10 (/opt/ros/humble/share/ament_lint_auto/cmake)
[3.107s] -- Added test 'cppcheck' to perform static code analysis on C / C++ code
[3.107s] -- Configured cppcheck include dirs: 
[3.107s] -- Configured cppcheck exclude dirs and/or files: 
[3.107s] -- Added test 'flake8' to check Python code syntax and style conventions
[3.108s] -- Added test 'lint_cmake' to check CMake code style
[3.108s] -- Added test 'pep257' to check Python code against some of the docstring style conventions in PEP 257
[3.109s] -- Added test 'uncrustify' to check C / C++ code style
[3.109s] -- Configured uncrustify additional arguments: 
[3.109s] -- Added test 'xmllint' to check XML markup files
[3.110s] -- Configuring done
[3.114s] -- Generating done
[3.115s] -- Build files have been written to: /home/parallels/ros2_ws/src/build/my_launch
[3.121s] Invoked command in '/home/parallels/ros2_ws/src/build/my_launch' returned '0': CMAKE_PREFIX_PATH=${CMAKE_PREFIX_PATH}:/home/parallels/ros2_ws/install/my_robot_controller:/opt/ros/humble /usr/bin/cmake /home/parallels/ros2_ws/src/my_launch -DCMAKE_INSTALL_PREFIX=/home/parallels/ros2_ws/src/install/my_launch
[3.122s] Invoking command in '/home/parallels/ros2_ws/src/build/my_launch': CMAKE_PREFIX_PATH=${CMAKE_PREFIX_PATH}:/home/parallels/ros2_ws/install/my_robot_controller:/opt/ros/humble /usr/bin/cmake --build /home/parallels/ros2_ws/src/build/my_launch -- -j5 -l5
[3.140s] Invoked command in '/home/parallels/ros2_ws/src/build/my_launch' returned '0': CMAKE_PREFIX_PATH=${CMAKE_PREFIX_PATH}:/home/parallels/ros2_ws/install/my_robot_controller:/opt/ros/humble /usr/bin/cmake --build /home/parallels/ros2_ws/src/build/my_launch -- -j5 -l5
[3.152s] Invoking command in '/home/parallels/ros2_ws/src/build/my_launch': CMAKE_PREFIX_PATH=${CMAKE_PREFIX_PATH}:/home/parallels/ros2_ws/install/my_robot_controller:/opt/ros/humble /usr/bin/cmake --install /home/parallels/ros2_ws/src/build/my_launch
[3.155s] -- Install configuration: ""
[3.155s] -- Installing: /home/parallels/ros2_ws/src/install/my_launch/share/my_launch//launch
[3.155s] -- Installing: /home/parallels/ros2_ws/src/install/my_launch/share/my_launch//launch/localization_launch.py
[3.155s] -- Installing: /home/parallels/ros2_ws/src/install/my_launch/share/my_launch//launch/slam_launch.py
[3.155s] -- Installing: /home/parallels/ros2_ws/src/install/my_launch/share/my_launch//launch/my_launchfile.launch.py
[3.155s] -- Installing: /home/parallels/ros2_ws/src/install/my_launch/share/my_launch//params
[3.155s] -- Installing: /home/parallels/ros2_ws/src/install/my_launch/share/my_launch//params/map_server.yaml
[3.155s] -- Installing: /home/parallels/ros2_ws/src/install/my_launch/share/my_launch//params/amcl.yaml
[3.155s] -- Installing: /home/parallels/ros2_ws/src/install/my_launch/share/my_launch//params/my_robot.yaml
[3.156s] -- Installing: /home/parallels/ros2_ws/src/install/my_launch/share/my_launch//map
[3.156s] -- Installing: /home/parallels/ros2_ws/src/install/my_launch/share/my_launch//map/map.yaml
[3.157s] -- Installing: /home/parallels/ros2_ws/src/install/my_launch/share/my_launch//map/map.pgm
[3.157s] -- Installing: /home/parallels/ros2_ws/src/install/my_launch/share/my_launch//rviz
[3.157s] -- Installing: /home/parallels/ros2_ws/src/install/my_launch/share/my_launch//rviz/tb3_navigation2.rviz
[3.157s] -- Installing: /home/parallels/ros2_ws/src/install/my_launch/share/ament_index/resource_index/package_run_dependencies/my_launch
[3.158s] -- Installing: /home/parallels/ros2_ws/src/install/my_launch/share/ament_index/resource_index/parent_prefix_path/my_launch
[3.158s] -- Installing: /home/parallels/ros2_ws/src/install/my_launch/share/my_launch/environment/ament_prefix_path.sh
[3.158s] -- Installing: /home/parallels/ros2_ws/src/install/my_launch/share/my_launch/environment/ament_prefix_path.dsv
[3.158s] -- Installing: /home/parallels/ros2_ws/src/install/my_launch/share/my_launch/environment/path.sh
[3.158s] -- Installing: /home/parallels/ros2_ws/src/install/my_launch/share/my_launch/environment/path.dsv
[3.158s] -- Installing: /home/parallels/ros2_ws/src/install/my_launch/share/my_launch/local_setup.bash
[3.158s] -- Installing: /home/parallels/ros2_ws/src/install/my_launch/share/my_launch/local_setup.sh
[3.158s] -- Installing: /home/parallels/ros2_ws/src/install/my_launch/share/my_launch/local_setup.zsh
[3.158s] -- Installing: /home/parallels/ros2_ws/src/install/my_launch/share/my_launch/local_setup.dsv
[3.158s] -- Installing: /home/parallels/ros2_ws/src/install/my_launch/share/my_launch/package.dsv
[3.158s] -- Installing: /home/parallels/ros2_ws/src/install/my_launch/share/ament_index/resource_index/packages/my_launch
[3.158s] -- Installing: /home/parallels/ros2_ws/src/install/my_launch/share/my_launch/cmake/my_launchConfig.cmake
[3.159s] -- Installing: /home/parallels/ros2_ws/src/install/my_launch/share/my_launch/cmake/my_launchConfig-version.cmake
[3.159s] -- Installing: /home/parallels/ros2_ws/src/install/my_launch/share/my_launch/package.xml
[3.159s] Invoked command in '/home/parallels/ros2_ws/src/build/my_launch' returned '0': CMAKE_PREFIX_PATH=${CMAKE_PREFIX_PATH}:/home/parallels/ros2_ws/install/my_robot_controller:/opt/ros/humble /usr/bin/cmake --install /home/parallels/ros2_ws/src/build/my_launch
