[0.006s] Invoking command in '/home/parallels/ros2_ws/src/build/my_launch': CMAKE_PREFIX_PATH=${CMAKE_PREFIX_PATH}:/home/parallels/ros2_ws/install/my_robot_controller:/opt/ros/humble /usr/bin/cmake --build /home/parallels/ros2_ws/src/build/my_launch -- -j5 -l5
[0.020s] -- Found ament_cmake: 1.3.8 (/opt/ros/humble/share/ament_cmake/cmake)
[0.083s] -- Found rclcpp: 16.0.8 (/opt/ros/humble/share/rclcpp/cmake)
[0.103s] -- Found rosidl_generator_c: 3.1.5 (/opt/ros/humble/share/rosidl_generator_c/cmake)
[0.105s] -- Found rosidl_adapter: 3.1.5 (/opt/ros/humble/share/rosidl_adapter/cmake)
[0.108s] -- Found rosidl_generator_cpp: 3.1.5 (/opt/ros/humble/share/rosidl_generator_cpp/cmake)
[0.116s] -- Using all available rosidl_typesupport_c: rosidl_typesupport_fastrtps_c;rosidl_typesupport_introspection_c
[0.126s] -- Using all available rosidl_typesupport_cpp: rosidl_typesupport_fastrtps_cpp;rosidl_typesupport_introspection_cpp
[0.167s] -- Found rmw_implementation_cmake: 6.1.1 (/opt/ros/humble/share/rmw_implementation_cmake/cmake)
[0.167s] -- Found rmw_fastrtps_cpp: 6.2.6 (/opt/ros/humble/share/rmw_fastrtps_cpp/cmake)
[0.252s] -- Using RMW implementation 'rmw_fastrtps_cpp' as default
[0.367s] -- Found rviz2: 11.2.11 (/opt/ros/humble/share/rviz2/cmake)
[0.367s] -- Found nav2_map_server: 1.1.13 (/opt/ros/humble/share/nav2_map_server/cmake)
[0.856s] -- Found eigen3_cmake_module: 0.1.1 (/opt/ros/humble/share/eigen3_cmake_module/cmake)
[0.857s] -- Ensuring Eigen3 include directory is part of orocos-kdl CMake target
[1.963s] -- Found nav2_amcl: 1.1.13 (/opt/ros/humble/share/nav2_amcl/cmake)
[2.447s] -- Found ament_lint_auto: 0.12.10 (/opt/ros/humble/share/ament_lint_auto/cmake)
[2.484s] -- Added test 'cppcheck' to perform static code analysis on C / C++ code
[2.484s] -- Configured cppcheck include dirs: 
[2.484s] -- Configured cppcheck exclude dirs and/or files: 
[2.484s] -- Added test 'flake8' to check Python code syntax and style conventions
[2.484s] -- Added test 'lint_cmake' to check CMake code style
[2.484s] -- Added test 'pep257' to check Python code against some of the docstring style conventions in PEP 257
[2.485s] -- Added test 'uncrustify' to check C / C++ code style
[2.485s] -- Configured uncrustify additional arguments: 
[2.485s] -- Added test 'xmllint' to check XML markup files
[2.486s] -- Configuring done
[2.489s] -- Generating done
[2.490s] -- Build files have been written to: /home/parallels/ros2_ws/src/build/my_launch
[2.503s] Invoked command in '/home/parallels/ros2_ws/src/build/my_launch' returned '0': CMAKE_PREFIX_PATH=${CMAKE_PREFIX_PATH}:/home/parallels/ros2_ws/install/my_robot_controller:/opt/ros/humble /usr/bin/cmake --build /home/parallels/ros2_ws/src/build/my_launch -- -j5 -l5
[2.515s] Invoking command in '/home/parallels/ros2_ws/src/build/my_launch': CMAKE_PREFIX_PATH=${CMAKE_PREFIX_PATH}:/home/parallels/ros2_ws/install/my_robot_controller:/opt/ros/humble /usr/bin/cmake --install /home/parallels/ros2_ws/src/build/my_launch
[2.518s] -- Install configuration: ""
[2.518s] -- Up-to-date: /home/parallels/ros2_ws/src/install/my_launch/share/my_launch//launch
[2.518s] -- Up-to-date: /home/parallels/ros2_ws/src/install/my_launch/share/my_launch//launch/localization_launch.py
[2.518s] -- Installing: /home/parallels/ros2_ws/src/install/my_launch/share/my_launch//launch/slam_launch.py
[2.518s] -- Up-to-date: /home/parallels/ros2_ws/src/install/my_launch/share/my_launch//launch/my_launchfile.launch.py
[2.518s] -- Up-to-date: /home/parallels/ros2_ws/src/install/my_launch/share/my_launch//params
[2.519s] -- Up-to-date: /home/parallels/ros2_ws/src/install/my_launch/share/my_launch//params/map_server.yaml
[2.519s] -- Up-to-date: /home/parallels/ros2_ws/src/install/my_launch/share/my_launch//params/amcl.yaml
[2.519s] -- Installing: /home/parallels/ros2_ws/src/install/my_launch/share/my_launch//params/my_robot.yaml
[2.519s] -- Up-to-date: /home/parallels/ros2_ws/src/install/my_launch/share/my_launch//map
[2.519s] -- Up-to-date: /home/parallels/ros2_ws/src/install/my_launch/share/my_launch//map/map.yaml
[2.519s] -- Up-to-date: /home/parallels/ros2_ws/src/install/my_launch/share/my_launch//map/map.pgm
[2.519s] -- Up-to-date: /home/parallels/ros2_ws/src/install/my_launch/share/my_launch//rviz
[2.519s] -- Up-to-date: /home/parallels/ros2_ws/src/install/my_launch/share/my_launch//rviz/tb3_navigation2.rviz
[2.519s] -- Installing: /home/parallels/ros2_ws/src/install/my_launch/share/ament_index/resource_index/package_run_dependencies/my_launch
[2.519s] -- Up-to-date: /home/parallels/ros2_ws/src/install/my_launch/share/ament_index/resource_index/parent_prefix_path/my_launch
[2.519s] -- Up-to-date: /home/parallels/ros2_ws/src/install/my_launch/share/my_launch/environment/ament_prefix_path.sh
[2.519s] -- Installing: /home/parallels/ros2_ws/src/install/my_launch/share/my_launch/environment/ament_prefix_path.dsv
[2.519s] -- Up-to-date: /home/parallels/ros2_ws/src/install/my_launch/share/my_launch/environment/path.sh
[2.519s] -- Installing: /home/parallels/ros2_ws/src/install/my_launch/share/my_launch/environment/path.dsv
[2.519s] -- Up-to-date: /home/parallels/ros2_ws/src/install/my_launch/share/my_launch/local_setup.bash
[2.519s] -- Up-to-date: /home/parallels/ros2_ws/src/install/my_launch/share/my_launch/local_setup.sh
[2.519s] -- Up-to-date: /home/parallels/ros2_ws/src/install/my_launch/share/my_launch/local_setup.zsh
[2.519s] -- Installing: /home/parallels/ros2_ws/src/install/my_launch/share/my_launch/local_setup.dsv
[2.519s] -- Installing: /home/parallels/ros2_ws/src/install/my_launch/share/my_launch/package.dsv
[2.519s] -- Up-to-date: /home/parallels/ros2_ws/src/install/my_launch/share/ament_index/resource_index/packages/my_launch
[2.519s] -- Up-to-date: /home/parallels/ros2_ws/src/install/my_launch/share/my_launch/cmake/my_launchConfig.cmake
[2.519s] -- Up-to-date: /home/parallels/ros2_ws/src/install/my_launch/share/my_launch/cmake/my_launchConfig-version.cmake
[2.520s] -- Installing: /home/parallels/ros2_ws/src/install/my_launch/share/my_launch/package.xml
[2.520s] Invoked command in '/home/parallels/ros2_ws/src/build/my_launch' returned '0': CMAKE_PREFIX_PATH=${CMAKE_PREFIX_PATH}:/home/parallels/ros2_ws/install/my_robot_controller:/opt/ros/humble /usr/bin/cmake --install /home/parallels/ros2_ws/src/build/my_launch
