-- Install configuration: ""
-- Up-to-date: /home/parallels/ros2_ws/src/install/my_launch/share/my_launch//launch
-- Up-to-date: /home/parallels/ros2_ws/src/install/my_launch/share/my_launch//launch/localization_launch.py
-- Installing: /home/parallels/ros2_ws/src/install/my_launch/share/my_launch//launch/bringup_launch.py
-- Installing: /home/parallels/ros2_ws/src/install/my_launch/share/my_launch//launch/my_localization.launch.py
-- Up-to-date: /home/parallels/ros2_ws/src/install/my_launch/share/my_launch//launch/slam_launch.py
-- Up-to-date: /home/parallels/ros2_ws/src/install/my_launch/share/my_launch//params
-- Up-to-date: /home/parallels/ros2_ws/src/install/my_launch/share/my_launch//params/map_server.yaml
-- Up-to-date: /home/parallels/ros2_ws/src/install/my_launch/share/my_launch//params/amcl.yaml
-- Up-to-date: /home/parallels/ros2_ws/src/install/my_launch/share/my_launch//params/my_robot.yaml
-- Up-to-date: /home/parallels/ros2_ws/src/install/my_launch/share/my_launch//map
-- Up-to-date: /home/parallels/ros2_ws/src/install/my_launch/share/my_launch//map/map.yaml
-- Up-to-date: /home/parallels/ros2_ws/src/install/my_launch/share/my_launch//map/map.pgm
-- Up-to-date: /home/parallels/ros2_ws/src/install/my_launch/share/my_launch//rviz
-- Up-to-date: /home/parallels/ros2_ws/src/install/my_launch/share/my_launch//rviz/tb3_navigation2.rviz
-- Up-to-date: /home/parallels/ros2_ws/src/install/my_launch/share/ament_index/resource_index/package_run_dependencies/my_launch
-- Up-to-date: /home/parallels/ros2_ws/src/install/my_launch/share/ament_index/resource_index/parent_prefix_path/my_launch
-- Up-to-date: /home/parallels/ros2_ws/src/install/my_launch/share/my_launch/environment/ament_prefix_path.sh
-- Up-to-date: /home/parallels/ros2_ws/src/install/my_launch/share/my_launch/environment/ament_prefix_path.dsv
-- Up-to-date: /home/parallels/ros2_ws/src/install/my_launch/share/my_launch/environment/path.sh
-- Up-to-date: /home/parallels/ros2_ws/src/install/my_launch/share/my_launch/environment/path.dsv
-- Up-to-date: /home/parallels/ros2_ws/src/install/my_launch/share/my_launch/local_setup.bash
-- Up-to-date: /home/parallels/ros2_ws/src/install/my_launch/share/my_launch/local_setup.sh
-- Up-to-date: /home/parallels/ros2_ws/src/install/my_launch/share/my_launch/local_setup.zsh
-- Up-to-date: /home/parallels/ros2_ws/src/install/my_launch/share/my_launch/local_setup.dsv
-- Up-to-date: /home/parallels/ros2_ws/src/install/my_launch/share/my_launch/package.dsv
-- Up-to-date: /home/parallels/ros2_ws/src/install/my_launch/share/ament_index/resource_index/packages/my_launch
-- Up-to-date: /home/parallels/ros2_ws/src/install/my_launch/share/my_launch/cmake/my_launchConfig.cmake
-- Up-to-date: /home/parallels/ros2_ws/src/install/my_launch/share/my_launch/cmake/my_launchConfig-version.cmake
-- Up-to-date: /home/parallels/ros2_ws/src/install/my_launch/share/my_launch/package.xml
